<?xml version="1.0" encoding="UTF-8"?>
<testng-results skipped="0" failed="0" ignored="0" total="1" passed="1">
  <reporter-output>
  </reporter-output>
  <suite name="Default suite" duration-ms="41605" started-at="2020-11-04T10:37:59 EST" finished-at="2020-11-04T10:38:40 EST">
    <groups>
    </groups>
    <test name="Default test" duration-ms="41605" started-at="2020-11-04T10:37:59 EST" finished-at="2020-11-04T10:38:40 EST">
      <class name="readexceldata.CompoundInterest">
        <test-method status="PASS" signature="f()[pri:0, instance:readexceldata.CompoundInterest@5a8806ef]" name="f" duration-ms="41556" started-at="2020-11-04T10:37:59 EST" finished-at="2020-11-04T10:38:40 EST">
          <reporter-output>
          </reporter-output>
        </test-method> <!-- f -->
      </class> <!-- readexceldata.CompoundInterest -->
    </test> <!-- Default test -->
  </suite> <!-- Default suite -->
</testng-results>
